0 info it worked if it ends with ok
1 verbose cli [ 'C:\\Program Files\\nodejs\\node.exe',
1 verbose cli   'C:\\Users\\110190\\AppData\\Roaming\\npm\\node_modules\\npm\\bin\\npm-cli.js',
1 verbose cli   'start' ]
2 info using npm@3.10.8
3 info using node@v4.4.7
4 verbose run-script [ 'prestart', 'start', 'poststart' ]
5 info lifecycle flow-sample-2@0.0.1~prestart: flow-sample-2@0.0.1
6 silly lifecycle flow-sample-2@0.0.1~prestart: no script for prestart, continuing
7 info lifecycle flow-sample-2@0.0.1~start: flow-sample-2@0.0.1
8 verbose lifecycle flow-sample-2@0.0.1~start: unsafe-perm in lifecycle true
9 verbose lifecycle flow-sample-2@0.0.1~start: PATH: C:\Users\110190\AppData\Roaming\npm\node_modules\npm\bin\node-gyp-bin;D:\Me\Code\react\Flow\Demo\a1\node_modules\.bin;C:\ProgramData\Oracle\Java\javapath;C:\WINDOWS\system32;C:\WINDOWS;C:\WINDOWS\System32\Wbem;C:\WINDOWS\System32\WindowsPowerShell\v1.0\;C:\Program Files\nodejs\;C:\Program Files (x86)\Git\cmd;C:\Program Files (x86)\Microsoft VS Code;C:\Users\110190\AppData\Roaming\npm;C:\Program Files (x86)\Microsoft VS Code\bin;C:\Users\110190\AppData\Roaming\npm\node_modules\flow-bin
10 verbose lifecycle flow-sample-2@0.0.1~start: CWD: D:\Me\Code\react\Flow\Demo\a1
11 silly lifecycle flow-sample-2@0.0.1~start: Args: [ '/d /s /c',
11 silly lifecycle   'start http://localhost:8080 & webpack-dev-server --hot' ]
12 silly lifecycle flow-sample-2@0.0.1~start: Returned: code: 3221225786  signal: null
13 info lifecycle flow-sample-2@0.0.1~start: Failed to exec start script
14 verbose stack Error: flow-sample-2@0.0.1 start: `start http://localhost:8080 & webpack-dev-server --hot`
14 verbose stack Exit status 3221225786
14 verbose stack     at EventEmitter.<anonymous> (C:\Users\110190\AppData\Roaming\npm\node_modules\npm\lib\utils\lifecycle.js:255:16)
14 verbose stack     at emitTwo (events.js:87:13)
14 verbose stack     at EventEmitter.emit (events.js:172:7)
14 verbose stack     at ChildProcess.<anonymous> (C:\Users\110190\AppData\Roaming\npm\node_modules\npm\lib\utils\spawn.js:40:14)
14 verbose stack     at emitTwo (events.js:87:13)
14 verbose stack     at ChildProcess.emit (events.js:172:7)
14 verbose stack     at maybeClose (internal/child_process.js:827:16)
14 verbose stack     at Process.ChildProcess._handle.onexit (internal/child_process.js:211:5)
15 verbose pkgid flow-sample-2@0.0.1
16 verbose cwd D:\Me\Code\react\Flow\Demo\a1
17 error Windows_NT 6.1.7601
18 error argv "C:\\Program Files\\nodejs\\node.exe" "C:\\Users\\110190\\AppData\\Roaming\\npm\\node_modules\\npm\\bin\\npm-cli.js" "start"
19 error node v4.4.7
20 error npm  v3.10.8
21 error code ELIFECYCLE
22 error flow-sample-2@0.0.1 start: `start http://localhost:8080 & webpack-dev-server --hot`
22 error Exit status 3221225786
23 error Failed at the flow-sample-2@0.0.1 start script 'start http://localhost:8080 & webpack-dev-server --hot'.
23 error Make sure you have the latest version of node.js and npm installed.
23 error If you do, this is most likely a problem with the flow-sample-2 package,
23 error not with npm itself.
23 error Tell the author that this fails on your system:
23 error     start http://localhost:8080 & webpack-dev-server --hot
23 error You can get information on how to open an issue for this project with:
23 error     npm bugs flow-sample-2
23 error Or if that isn't available, you can get their info via:
23 error     npm owner ls flow-sample-2
23 error There is likely additional logging output above.
24 verbose exit [ 1, true ]
